0 info it worked if it ends with ok
1 verbose cli [ '/usr/local/bin/node',
1 verbose cli   '/usr/local/bin/npm',
1 verbose cli   'install',
1 verbose cli   '--global',
1 verbose cli   'gulp' ]
2 info using npm@2.11.3
3 info using node@v0.13.0-pre
4 verbose install initial load of /usr/local/lib/package.json
5 verbose readDependencies loading dependencies from /usr/local/lib/package.json
6 silly cache add args [ 'gulp', null ]
7 verbose cache add spec gulp
8 silly cache add parsed spec { raw: 'gulp',
8 silly cache add   scope: null,
8 silly cache add   name: 'gulp',
8 silly cache add   rawSpec: '',
8 silly cache add   spec: '*',
8 silly cache add   type: 'range' }
9 silly addNamed gulp@*
10 verbose addNamed "*" is a valid semver range for gulp
11 silly addNameRange { name: 'gulp', range: '*', hasData: false }
12 silly mapToRegistry name gulp
13 silly mapToRegistry using default registry
14 silly mapToRegistry registry https://registry.npmjs.org/
15 silly mapToRegistry uri https://registry.npmjs.org/gulp
16 verbose addNameRange registry:https://registry.npmjs.org/gulp not in flight; fetching
17 verbose request uri https://registry.npmjs.org/gulp
18 verbose request no auth needed
19 info attempt registry request try #1 at 23:24:15
20 verbose request id 53fa15935644f1ce
21 http request GET https://registry.npmjs.org/gulp
22 http 200 https://registry.npmjs.org/gulp
23 silly get cb [ 200,
23 silly get   { server: 'CouchDB/1.5.0 (Erlang OTP/R16B03)',
23 silly get     etag: '"307MFKAEPO8THQ30NELLD0FJW"',
23 silly get     'content-type': 'application/json',
23 silly get     'cache-control': 'max-age=300',
23 silly get     'content-length': '112558',
23 silly get     'accept-ranges': 'bytes',
23 silly get     date: 'Tue, 23 Feb 2016 17:24:16 GMT',
23 silly get     via: '1.1 varnish',
23 silly get     age: '264',
23 silly get     connection: 'keep-alive',
23 silly get     'x-served-by': 'cache-ams4146-AMS',
23 silly get     'x-cache': 'HIT',
23 silly get     'x-cache-hits': '3',
23 silly get     'x-timer': 'S1456248256.800933,VS0,VE0',
23 silly get     vary: 'Accept' } ]
24 verbose get saving gulp to /home/fukuro/.npm/registry.npmjs.org/gulp/.cache.json
25 silly addNameRange number 2 { name: 'gulp', range: '*', hasData: true }
26 silly addNameRange versions [ 'gulp',
26 silly addNameRange   [ '0.0.1',
26 silly addNameRange     '0.0.2',
26 silly addNameRange     '0.0.3',
26 silly addNameRange     '0.0.4',
26 silly addNameRange     '0.0.5',
26 silly addNameRange     '0.0.7',
26 silly addNameRange     '0.0.8',
26 silly addNameRange     '0.0.9',
26 silly addNameRange     '0.1.0',
26 silly addNameRange     '0.2.0',
26 silly addNameRange     '1.0.0',
26 silly addNameRange     '1.1.0',
26 silly addNameRange     '1.2.0',
26 silly addNameRange     '1.2.1',
26 silly addNameRange     '2.0.0',
26 silly addNameRange     '2.0.1',
26 silly addNameRange     '2.1.0',
26 silly addNameRange     '2.2.0',
26 silly addNameRange     '2.3.0',
26 silly addNameRange     '2.4.0',
26 silly addNameRange     '2.4.1',
26 silly addNameRange     '2.6.0',
26 silly addNameRange     '2.6.1',
26 silly addNameRange     '2.7.0',
26 silly addNameRange     '3.0.0',
26 silly addNameRange     '3.1.1',
26 silly addNameRange     '3.1.2',
26 silly addNameRange     '3.1.3',
26 silly addNameRange     '3.1.4',
26 silly addNameRange     '3.2.0',
26 silly addNameRange     '3.2.1',
26 silly addNameRange     '3.2.2',
26 silly addNameRange     '3.2.3',
26 silly addNameRange     '3.2.4',
26 silly addNameRange     '3.2.5',
26 silly addNameRange     '3.3.0',
26 silly addNameRange     '3.3.1',
26 silly addNameRange     '3.3.2',
26 silly addNameRange     '3.3.4',
26 silly addNameRange     '3.4.0',
26 silly addNameRange     '3.9.0',
26 silly addNameRange     '3.9.1' ] ]
27 silly addNamed gulp@3.9.1
28 verbose addNamed "3.9.1" is a plain semver version for gulp
29 silly mapToRegistry name gulp
30 silly mapToRegistry using default registry
31 silly mapToRegistry registry https://registry.npmjs.org/
32 silly mapToRegistry uri https://registry.npmjs.org/gulp
33 verbose addRemoteTarball https://registry.npmjs.org/gulp/-/gulp-3.9.1.tgz not in flight; adding
34 verbose addRemoteTarball [ 'https://registry.npmjs.org/gulp/-/gulp-3.9.1.tgz',
34 verbose addRemoteTarball   '571ce45928dd40af6514fc4011866016c13845b4' ]
35 info retry fetch attempt 1 at 23:24:17
36 info attempt registry request try #1 at 23:24:17
37 http fetch GET https://registry.npmjs.org/gulp/-/gulp-3.9.1.tgz
38 http fetch 200 https://registry.npmjs.org/gulp/-/gulp-3.9.1.tgz
39 silly fetchAndShaCheck shasum 571ce45928dd40af6514fc4011866016c13845b4
40 verbose addTmpTarball /tmp/npm-18526-ccb01fda/registry.npmjs.org/gulp/-/gulp-3.9.1.tgz not in flight; adding
41 verbose addTmpTarball already have metadata; skipping unpack for gulp@3.9.1
42 silly cache afterAdd gulp@3.9.1
43 verbose afterAdd /home/fukuro/.npm/gulp/3.9.1/package/package.json not in flight; writing
44 verbose afterAdd /home/fukuro/.npm/gulp/3.9.1/package/package.json written
45 silly install resolved [ { name: 'gulp',
45 silly install resolved     description: 'The streaming build system',
45 silly install resolved     version: '3.9.1',
45 silly install resolved     homepage: 'http://gulpjs.com',
45 silly install resolved     repository: { type: 'git', url: 'git+https://github.com/gulpjs/gulp.git' },
45 silly install resolved     author:
45 silly install resolved      { name: 'Fractal',
45 silly install resolved        email: 'contact@wearefractal.com',
45 silly install resolved        url: 'http://wearefractal.com/' },
45 silly install resolved     tags: [ 'build', 'stream', 'system', 'make', 'tool', 'asset', 'pipeline' ],
45 silly install resolved     files: [ 'index.js', 'lib', 'bin', 'completion', 'gulp.1' ],
45 silly install resolved     bin: { gulp: './bin/gulp.js' },
45 silly install resolved     man: [ 'gulp.1' ],
45 silly install resolved     dependencies:
45 silly install resolved      { archy: '^1.0.0',
45 silly install resolved        chalk: '^1.0.0',
45 silly install resolved        deprecated: '^0.0.1',
45 silly install resolved        'gulp-util': '^3.0.0',
45 silly install resolved        interpret: '^1.0.0',
45 silly install resolved        liftoff: '^2.1.0',
45 silly install resolved        minimist: '^1.1.0',
45 silly install resolved        orchestrator: '^0.3.0',
45 silly install resolved        'pretty-hrtime': '^1.0.0',
45 silly install resolved        semver: '^4.1.0',
45 silly install resolved        tildify: '^1.0.0',
45 silly install resolved        v8flags: '^2.0.2',
45 silly install resolved        'vinyl-fs': '^0.3.0' },
45 silly install resolved     devDependencies:
45 silly install resolved      { coveralls: '^2.7.0',
45 silly install resolved        eslint: '^1.7.3',
45 silly install resolved        'eslint-config-gulp': '^2.0.0',
45 silly install resolved        'graceful-fs': '^3.0.0',
45 silly install resolved        istanbul: '^0.3.0',
45 silly install resolved        jscs: '^2.3.5',
45 silly install resolved        'jscs-preset-gulp': '^1.0.0',
45 silly install resolved        'marked-man': '^0.1.3',
45 silly install resolved        mkdirp: '^0.5.0',
45 silly install resolved        mocha: '^2.0.1',
45 silly install resolved        'mocha-lcov-reporter': '^0.0.1',
45 silly install resolved        q: '^1.0.0',
45 silly install resolved        rimraf: '^2.2.5',
45 silly install resolved        should: '^5.0.1' },
45 silly install resolved     scripts:
45 silly install resolved      { prepublish: 'marked-man --name gulp docs/CLI.md > gulp.1',
45 silly install resolved        lint: 'eslint . && jscs *.js bin/ lib/ test/',
45 silly install resolved        pretest: 'npm run lint',
45 silly install resolved        test: 'mocha --reporter spec',
45 silly install resolved        coveralls: 'istanbul cover _mocha --report lcovonly -- -R spec && cat ./coverage/lcov.info | coveralls && rm -rf ./coverage' },
45 silly install resolved     engines: { node: '>= 0.9' },
45 silly install resolved     license: 'MIT',
45 silly install resolved     gitHead: '9c14e3a13a73a32e424f144d62566671b2fcdbed',
45 silly install resolved     bugs: { url: 'https://github.com/gulpjs/gulp/issues' },
45 silly install resolved     _id: 'gulp@3.9.1',
45 silly install resolved     _shasum: '571ce45928dd40af6514fc4011866016c13845b4',
45 silly install resolved     _from: 'gulp@*',
45 silly install resolved     _npmVersion: '2.14.14',
45 silly install resolved     _nodeVersion: '0.10.41',
45 silly install resolved     _npmUser: { name: 'phated', email: 'blaine@iceddev.com' },
45 silly install resolved     maintainers: [ [Object], [Object] ],
45 silly install resolved     dist:
45 silly install resolved      { shasum: '571ce45928dd40af6514fc4011866016c13845b4',
45 silly install resolved        tarball: 'http://registry.npmjs.org/gulp/-/gulp-3.9.1.tgz' },
45 silly install resolved     _npmOperationalInternal:
45 silly install resolved      { host: 'packages-6-west.internal.npmjs.com',
45 silly install resolved        tmp: 'tmp/gulp-3.9.1.tgz_1454957415500_0.15343931876122952' },
45 silly install resolved     directories: {},
45 silly install resolved     _resolved: 'https://registry.npmjs.org/gulp/-/gulp-3.9.1.tgz' } ]
46 info install gulp@3.9.1 into /usr/local/lib
47 info installOne gulp@3.9.1
48 verbose installOne of gulp to /usr/local/lib not in flight; installing
49 warn locking Error: EACCES, open '/home/fukuro/.npm/_locks/gulp-709d00e5d169ceb3.lock'
49 warn locking     at Error (native)
49 warn locking  /home/fukuro/.npm/_locks/gulp-709d00e5d169ceb3.lock failed { [Error: EACCES, open '/home/fukuro/.npm/_locks/gulp-709d00e5d169ceb3.lock']
49 warn locking   errno: -13,
49 warn locking   code: 'EACCES',
49 warn locking   path: '/home/fukuro/.npm/_locks/gulp-709d00e5d169ceb3.lock' }
50 verbose stack Error: Attempt to unlock /usr/local/lib/node_modules/gulp, which hasn't been locked
50 verbose stack     at unlock (/usr/local/lib/node_modules/npm/lib/utils/locker.js:66:11)
50 verbose stack     at cb (/usr/local/lib/node_modules/npm/lib/install.js:1017:5)
50 verbose stack     at /usr/local/lib/node_modules/npm/lib/install.js:1021:20
50 verbose stack     at /usr/local/lib/node_modules/npm/lib/utils/locker.js:40:9
50 verbose stack     at cb (/usr/local/lib/node_modules/npm/node_modules/lockfile/lockfile.js:149:38)
50 verbose stack     at /usr/local/lib/node_modules/npm/node_modules/lockfile/lockfile.js:177:38
50 verbose stack     at FSReqWrap.oncomplete (fs.js:101:15)
51 verbose cwd /opt/lampp/htdocs/Invest
52 error Linux 3.19.0-28-generic
53 error argv "/usr/local/bin/node" "/usr/local/bin/npm" "install" "--global" "gulp"
54 error node v0.13.0-pre
55 error npm  v2.11.3
56 error Attempt to unlock /usr/local/lib/node_modules/gulp, which hasn't been locked
57 error If you need help, you may report this error at:
57 error     <https://github.com/npm/npm/issues>
58 verbose exit [ 1, true ]
